Using pre-set license
Built from '2020.3/staging' branch; Version is '2020.3.19f1 (68f137dc9bbe) revision 6877495'; Using compiler version '192528614'; Build Type 'Release'
OS: 'Windows 10 Pro; OS build 22621.521; Version 2009; 64bit' Language: 'en' Physical Memory: 12213 MB
BatchMode: 1, IsHumanControllingUs: 0, StartBugReporterOnCrash: 0, Is64bit: 1, IsPro: 0

COMMAND LINE ARGUMENTS:
C:\Program Files\Unity\Hub\Editor\2020.3.19f1\Editor\Unity.exe
-adb2
-batchMode
-noUpm
-name
AssetImportWorker0
-projectPath
D:/Tower/Tower Defense Game
-logFile
Logs/AssetImportWorker0.log
-srvPort
49230
Successfully changed project path to: D:/Tower/Tower Defense Game
D:/Tower/Tower Defense Game
Using Asset Import Pipeline V2.
Refreshing native plugins compatible for Editor in 15.52 ms, found 0 plugins.
Preloading 0 native plugins for Editor in 0.00 ms.
Initialize engine version: 2020.3.19f1 (68f137dc9bbe)
[Subsystems] Discovering subsystems at path C:/Program Files/Unity/Hub/Editor/2020.3.19f1/Editor/Data/Resources/UnitySubsystems
[Subsystems] Discovering subsystems at path D:/Tower/Tower Defense Game/Assets
GfxDevice: creating device client; threaded=0
Direct3D:
    Version:  Direct3D 11.0 [level 11.0]
    Renderer: NVIDIA GeForce GT 710 (ID=0x128b)
    Vendor:   
    VRAM:     2007 MB
    Driver:   27.21.14.5671
Initialize mono
Mono path[0] = 'C:/Program Files/Unity/Hub/Editor/2020.3.19f1/Editor/Data/Managed'
Mono path[1] = 'C:/Program Files/Unity/Hub/Editor/2020.3.19f1/Editor/Data/MonoBleedingEdge/lib/mono/unityjit'
Mono config path = 'C:/Program Files/Unity/Hub/Editor/2020.3.19f1/Editor/Data/MonoBleedingEdge/etc'
Using monoOptions --debugger-agent=transport=dt_socket,embedding=1,server=y,suspend=n,address=127.0.0.1:56192
Begin MonoManager ReloadAssembly
Registering precompiled unity dll's ...
Register platform support module: C:/Program Files/Unity/Hub/Editor/2020.3.19f1/Editor/Data/PlaybackEngines/WindowsStandaloneSupport/UnityEditor.WindowsStandalone.Extensions.dll
Registered in 0.001416 seconds.
Native extension for WindowsStandalone target not found
Refreshing native plugins compatible for Editor in 15.48 ms, found 0 plugins.
Preloading 0 native plugins for Editor in 0.00 ms.
Mono: successfully reloaded assembly
- Completed reload, in  4.112 seconds
Domain Reload Profiling:
	ReloadAssembly (4113ms)
		BeginReloadAssembly (44ms)
			ExecutionOrderSort (0ms)
			DisableScriptedObjects (0ms)
			BackupInstance (0ms)
			ReleaseScriptingObjects (0ms)
			CreateAndSetChildDomain (1ms)
		EndReloadAssembly (323ms)
			LoadAssemblies (42ms)
			RebuildTransferFunctionScriptingTraits (0ms)
			SetupTypeCache (131ms)
			ReleaseScriptCaches (0ms)
			RebuildScriptCaches (23ms)
			SetupLoadedEditorAssemblies (115ms)
				LogAssemblyErrors (0ms)
				InitializePlatformSupportModulesInManaged (3ms)
				SetLoadedEditorAssemblies (0ms)
				RefreshPlugins (16ms)
				BeforeProcessingInitializeOnLoad (7ms)
				ProcessInitializeOnLoadAttributes (65ms)
				ProcessInitializeOnLoadMethodAttributes (23ms)
				AfterProcessingInitializeOnLoad (0ms)
				EditorAssembliesLoaded (0ms)
			ExecutionOrderSort2 (0ms)
			AwakeInstancesAfterBackupRestoration (0ms)
Platform modules already initialized, skipping
Registering precompiled user dll's ...
Registered in 0.000424 seconds.
Begin MonoManager ReloadAssembly
Native extension for WindowsStandalone target not found
Refreshing native plugins compatible for Editor in 0.14 ms, found 0 plugins.
Preloading 0 native plugins for Editor in 0.00 ms.
Mono: successfully reloaded assembly
- Completed reload, in  0.638 seconds
Domain Reload Profiling:
	ReloadAssembly (638ms)
		BeginReloadAssembly (122ms)
			ExecutionOrderSort (0ms)
			DisableScriptedObjects (4ms)
			BackupInstance (0ms)
			ReleaseScriptingObjects (0ms)
			CreateAndSetChildDomain (17ms)
		EndReloadAssembly (461ms)
			LoadAssemblies (61ms)
			RebuildTransferFunctionScriptingTraits (0ms)
			SetupTypeCache (155ms)
			ReleaseScriptCaches (0ms)
			RebuildScriptCaches (31ms)
			SetupLoadedEditorAssemblies (136ms)
				LogAssemblyErrors (0ms)
				InitializePlatformSupportModulesInManaged (4ms)
				SetLoadedEditorAssemblies (0ms)
				RefreshPlugins (0ms)
				BeforeProcessingInitializeOnLoad (35ms)
				ProcessInitializeOnLoadAttributes (87ms)
				ProcessInitializeOnLoadMethodAttributes (5ms)
				AfterProcessingInitializeOnLoad (5ms)
				EditorAssembliesLoaded (0ms)
			ExecutionOrderSort2 (0ms)
			AwakeInstancesAfterBackupRestoration (5ms)
Platform modules already initialized, skipping
========================================================================
Worker process is ready to serve import requests
Launched and connected shader compiler UnityShaderCompiler.exe after 0.05 seconds
Refreshing native plugins compatible for Editor in 0.15 ms, found 0 plugins.
Preloading 0 native plugins for Editor in 0.00 ms.
Unloading 663 Unused Serialized files (Serialized files now loaded: 0)
System memory in use before: 44.8 MB.
System memory in use after: 44.8 MB.

Unloading 7 unused Assets to reduce memory usage. Loaded Objects now: 1113.
Total: 2.127900 ms (FindLiveObjects: 0.092900 ms CreateObjectMapping: 0.016500 ms MarkObjects: 1.957000 ms  DeleteObjects: 0.060500 ms)

AssetImportParameters requested are different than current active one (requested -> active):
  custom:framework-win-MediaFoundation: 216162199b28c13a410421893ffa2e32 -> 
  custom:video-decoder-ogg-theora: a1e56fd34408186e4bbccfd4996cb3dc -> 
  custom:container-muxer-webm: aa71ff27fc2769a1b78a27578f13a17b -> 
  custom:container-demuxer-webm: 4f35f7cbe854078d1ac9338744f61a02 -> 
  custom:container-demuxer-ogg: 62fdf1f143b41e24485cea50d1cbac27 -> 
  custom:video-encoder-webm-vp8: eb34c28f22e8b96e1ab97ce403110664 -> 
  custom:video-codec-MediaFoundation-h265: 746d11721c4dcdbdad8f713fa42b33f4 -> 
  custom:video-decoder-webm-vp8: 9c59270c3fd7afecdb556c50c9e8de78 -> 
  custom:audio-decoder-ogg-vorbis: bf7c407c2cedff20999df2af8eb42d56 -> 
  custom:audio-encoder-webm-vorbis: bf7c407c2cedff20999df2af8eb42d56 -> 
========================================================================
Received Import Request.
  path: Assets/Scripts/Enemy
  artifactKey: Guid(81c2f010d32b7f343bf4ca33f83e6b5f) Importer(815301076,1909f56bfc062723c751e8b465ee728b)
Start importing Assets/Scripts/Enemy using Guid(81c2f010d32b7f343bf4ca33f83e6b5f) Importer(815301076,1909f56bfc062723c751e8b465ee728b)  -> (artifact id: 'cc41fcae0d0eb4b3f5159194e38a337b') in 0.010182 seconds 
  Import took 0.012337 seconds .

========================================================================
Received Import Request.
  Time since last request: 430.160604 seconds.
  path: Assets/Scripts/GameManagement/UserInteraction
  artifactKey: Guid(200557ff47980e449ae49b316e172648) Importer(815301076,1909f56bfc062723c751e8b465ee728b)
Start importing Assets/Scripts/GameManagement/UserInteraction using Guid(200557ff47980e449ae49b316e172648) Importer(815301076,1909f56bfc062723c751e8b465ee728b)  -> (artifact id: 'b1fd6c792b2a4a2e29b9111902b1fb0a') in 0.008730 seconds 
  Import took 0.010628 seconds .

========================================================================
Received Import Request.
  Time since last request: 139.150026 seconds.
  path: Assets/Scripts/GameManagement/UserInteraction/AreaCheck.cs
  artifactKey: Guid(88fb4c1122a1b7547a688601f9501e64) Importer(815301076,1909f56bfc062723c751e8b465ee728b)
Start importing Assets/Scripts/GameManagement/UserInteraction/AreaCheck.cs using Guid(88fb4c1122a1b7547a688601f9501e64) Importer(815301076,1909f56bfc062723c751e8b465ee728b)  -> (artifact id: 'd13948fd2263fc2704ed23d95f5e030e') in 0.033288 seconds 
  Import took 0.035007 seconds .

========================================================================
Received Import Request.
  Time since last request: 130.477957 seconds.
  path: Assets/Scripts/ScriptableObjects/BaseEnemy.cs
  artifactKey: Guid(ca213a22005688a4197f75815bcf5072) Importer(815301076,1909f56bfc062723c751e8b465ee728b)
Start importing Assets/Scripts/ScriptableObjects/BaseEnemy.cs using Guid(ca213a22005688a4197f75815bcf5072) Importer(815301076,1909f56bfc062723c751e8b465ee728b)  -> (artifact id: 'c4b70061d8159f0715124ca62bc91c75') in 0.008317 seconds 
  Import took 0.010069 seconds .

========================================================================
Received Import Request.
  Time since last request: 71.547927 seconds.
  path: Assets/Scripts/ScriptableObjects/BaseTower.cs
  artifactKey: Guid(c6ae09c5bb3c9e74983f02b543883ae9) Importer(815301076,1909f56bfc062723c751e8b465ee728b)
Start importing Assets/Scripts/ScriptableObjects/BaseTower.cs using Guid(c6ae09c5bb3c9e74983f02b543883ae9) Importer(815301076,1909f56bfc062723c751e8b465ee728b)  -> (artifact id: 'ef1f599746b6ead609acaac953ac2faa') in 0.007279 seconds 
  Import took 0.009431 seconds .

========================================================================
Received Import Request.
  Time since last request: 112.094966 seconds.
  path: Assets/Scripts/ScriptableObjects/SingleWave.cs
  artifactKey: Guid(57d622c1b6b4c0049a41e933e2a6a58a) Importer(815301076,1909f56bfc062723c751e8b465ee728b)
Start importing Assets/Scripts/ScriptableObjects/SingleWave.cs using Guid(57d622c1b6b4c0049a41e933e2a6a58a) Importer(815301076,1909f56bfc062723c751e8b465ee728b)  -> (artifact id: 'dfd0aa2bb5c4c37aeaef4595f4f4cdb8') in 0.007096 seconds 
  Import took 0.008805 seconds .

========================================================================
Received Import Request.
  Time since last request: 573.195102 seconds.
  path: Packages/com.unity.test-framework/package.json
  artifactKey: Guid(d6a2e6e4803de7b43baacdc355fc144d) Importer(815301076,1909f56bfc062723c751e8b465ee728b)
Start importing Packages/com.unity.test-framework/package.json using Guid(d6a2e6e4803de7b43baacdc355fc144d) Importer(815301076,1909f56bfc062723c751e8b465ee728b)  -> (artifact id: '9ca21a561d34704027ca40419ddd41df') in 0.026216 seconds 
  Import took 0.028109 seconds .

========================================================================
Received Import Request.
  Time since last request: 0.499636 seconds.
  path: Packages/com.unity.textmeshpro/package.json
  artifactKey: Guid(220e9325710f4235a43492dd1ee4980d) Importer(815301076,1909f56bfc062723c751e8b465ee728b)
Start importing Packages/com.unity.textmeshpro/package.json using Guid(220e9325710f4235a43492dd1ee4980d) Importer(815301076,1909f56bfc062723c751e8b465ee728b)  -> (artifact id: '2c6d4de5db3a39bcb3575c98dc9df750') in 0.006504 seconds 
  Import took 0.008296 seconds .

========================================================================
Received Import Request.
  Time since last request: 1.151455 seconds.
  path: Packages/com.unity.ide.vscode/package.json
  artifactKey: Guid(ffc6271f08270b64ca0aae9c49235d81) Importer(815301076,1909f56bfc062723c751e8b465ee728b)
Start importing Packages/com.unity.ide.vscode/package.json using Guid(ffc6271f08270b64ca0aae9c49235d81) Importer(815301076,1909f56bfc062723c751e8b465ee728b)  -> (artifact id: '2261085b14b8b17563b9c2f8675d02a1') in 0.006387 seconds 
  Import took 0.007935 seconds .

========================================================================
Received Import Request.
  Time since last request: 0.528076 seconds.
  path: Packages/com.unity.ugui/package.json
  artifactKey: Guid(319b8889f363f5947acf209c17a94149) Importer(815301076,1909f56bfc062723c751e8b465ee728b)
Start importing Packages/com.unity.ugui/package.json using Guid(319b8889f363f5947acf209c17a94149) Importer(815301076,1909f56bfc062723c751e8b465ee728b)  -> (artifact id: '39d1f12f0f4420a8b9dea50868bbb5d0') in 0.006084 seconds 
  Import took 0.007855 seconds .

========================================================================
Received Import Request.
  Time since last request: 5.728954 seconds.
  path: Packages/com.unity.ugui/CHANGELOG.md
  artifactKey: Guid(c851bee4305bddf438cc6ffc515991ce) Importer(815301076,1909f56bfc062723c751e8b465ee728b)
Start importing Packages/com.unity.ugui/CHANGELOG.md using Guid(c851bee4305bddf438cc6ffc515991ce) Importer(815301076,1909f56bfc062723c751e8b465ee728b)  -> (artifact id: '7121b42a54f12a09bd2bede73c14ef0c') in 0.016351 seconds 
  Import took 0.018210 seconds .

========================================================================
Received Import Request.
  Time since last request: 121.592562 seconds.
  path: Assets/Scripts/MapEditor/EditorTile.cs
  artifactKey: Guid(76e8f7d56c4ef2841b62f169cb6713db) Importer(815301076,1909f56bfc062723c751e8b465ee728b)
Start importing Assets/Scripts/MapEditor/EditorTile.cs using Guid(76e8f7d56c4ef2841b62f169cb6713db) Importer(815301076,1909f56bfc062723c751e8b465ee728b)  -> (artifact id: '9c8314bcb4179811465ab256deae92ed') in 0.007683 seconds 
  Import took 0.008992 seconds .

========================================================================
Received Import Request.
  Time since last request: 25.871295 seconds.
  path: Assets/Scripts/MapEditor/GameEditor.cs
  artifactKey: Guid(476629812598fd149b98adc8260b1c5f) Importer(815301076,1909f56bfc062723c751e8b465ee728b)
Start importing Assets/Scripts/MapEditor/GameEditor.cs using Guid(476629812598fd149b98adc8260b1c5f) Importer(815301076,1909f56bfc062723c751e8b465ee728b)  -> (artifact id: '4e7517c9c854535215a7efdd461aac2b') in 0.006632 seconds 
  Import took 0.008505 seconds .

========================================================================
Received Import Request.
  Time since last request: 15.622924 seconds.
  path: Assets/Scripts/MapEditor/MapEditorGenerator.cs
  artifactKey: Guid(04755b63e6d63ed4e8267f8a480e820e) Importer(815301076,1909f56bfc062723c751e8b465ee728b)
Start importing Assets/Scripts/MapEditor/MapEditorGenerator.cs using Guid(04755b63e6d63ed4e8267f8a480e820e) Importer(815301076,1909f56bfc062723c751e8b465ee728b)  -> (artifact id: '847840657b3f19a6a5ff8fe99d815d37') in 0.008135 seconds 
  Import took 0.009959 seconds .

========================================================================
Received Import Request.
  Time since last request: 182.181803 seconds.
  path: Assets/Scripts/GameManagement/GameManager.cs
  artifactKey: Guid(241ea068a0b00454c8b4f7522aa9a94e) Importer(815301076,1909f56bfc062723c751e8b465ee728b)
Start importing Assets/Scripts/GameManagement/GameManager.cs using Guid(241ea068a0b00454c8b4f7522aa9a94e) Importer(815301076,1909f56bfc062723c751e8b465ee728b)  -> (artifact id: '91c6a14a8d7e343ff4478ac4b3652d47') in 0.008113 seconds 
  Import took 0.009898 seconds .

AssetImportWorkerClient::OnTransportError - code=2 error=End of file
